\BOOKMARK [0][-]{pretexto.0}{Elementos Pr\351-Textuais}{}% 1
\BOOKMARK [1][-]{pretexto.1.1}{Capa}{pretexto.0}% 2
\BOOKMARK [1][-]{pretexto.2.1}{Publica\347\343o}{pretexto.0}% 3
\BOOKMARK [1][-]{pretexto.3.1}{Folha de Rosto}{pretexto.0}% 4
\BOOKMARK [1][-]{pretexto.4.1}{Aprova\347\343o}{pretexto.0}% 5
\BOOKMARK [1][-]{pretexto.7.1}{Agradecimentos}{pretexto.0}% 6
\BOOKMARK [1][-]{pretexto.8.1}{Resumo}{pretexto.0}% 7
\BOOKMARK [1][-]{pretexto.9.1}{Abstract}{pretexto.0}% 8
\BOOKMARK [0][-]{sumario.0}{Sum\341rio}{}% 9
\BOOKMARK [0][-]{Doc-Start}{Lista de Figuras}{}% 10
\BOOKMARK [0][-]{Doc-Start}{Lista de Tabelas}{}% 11
\BOOKMARK [0][-]{section*.1}{Lista de C\363digos de Programas}{}% 12
\BOOKMARK [0][-]{chapter.2}{1 Introdu\347\343o}{}% 13
\BOOKMARK [1][-]{section.3}{1.1 Finalidade}{chapter.2}% 14
\BOOKMARK [1][-]{section.4}{1.2 Objetivo Geral}{chapter.2}% 15
\BOOKMARK [0][-]{chapter.5}{2 Escopo do Projeto}{}% 16
\BOOKMARK [1][-]{section.6}{2.1 Situa\347\343o Atual}{chapter.5}% 17
\BOOKMARK [2][-]{subsection.7}{2.1.1 Motiva\347\343o}{section.6}% 18
\BOOKMARK [2][-]{subsection.8}{2.1.2 Problema}{section.6}% 19
\BOOKMARK [2][-]{subsection.9}{2.1.3 Justificativa}{section.6}% 20
\BOOKMARK [1][-]{section.10}{2.2 Objetivos}{chapter.5}% 21
\BOOKMARK [2][-]{subsection.11}{2.2.1 Objetivos Gerais}{section.10}% 22
\BOOKMARK [2][-]{subsection.12}{2.2.2 Objetivos Espec\355ficos}{section.10}% 23
\BOOKMARK [0][-]{chapter.13}{3 Fundamenta\347\343o Te\363rica}{}% 24
\BOOKMARK [1][-]{section.14}{3.1 Android}{chapter.13}% 25
\BOOKMARK [1][-]{section.15}{3.2 Persit\352ncia de dados}{chapter.13}% 26
\BOOKMARK [2][-]{subsection.21}{3.2.1 Web service}{section.15}% 27
\BOOKMARK [1][-]{section.23}{3.3 Sistemas de Objetos Distribu\355dos}{chapter.13}% 28
\BOOKMARK [1][-]{section.28}{3.4 Aplica\347\365es m\363veis}{chapter.13}% 29
\BOOKMARK [0][-]{chapter.30}{4 Estudo de Caso - Aplicativo R2P}{}% 30
\BOOKMARK [1][-]{section.31}{4.1 Requisitos}{chapter.30}% 31
\BOOKMARK [2][-]{subsection.32}{4.1.1 Requisitos de Funcionais}{section.31}% 32
\BOOKMARK [2][-]{subsection.33}{4.1.2 Requisitos N\343o Funcionais}{section.31}% 33
\BOOKMARK [1][-]{section.36}{4.2 Diagramas da UML}{chapter.30}% 34
\BOOKMARK [2][-]{subsection.38}{4.2.1 Diagrama de Classes}{section.36}% 35
\BOOKMARK [2][-]{subsection.40}{4.2.2 Diagrama de Caso de Uso}{section.36}% 36
\BOOKMARK [2][-]{subsection.42}{4.2.3 Diagrama de Sequ\352ncia}{section.36}% 37
\BOOKMARK [2][-]{subsection.44}{4.2.4 Diagrama de Componentes}{section.36}% 38
\BOOKMARK [2][-]{subsection.46}{4.2.5 Arquitetura de Funcionamento do Aplicativo}{section.36}% 39
\BOOKMARK [1][-]{section.48}{4.3 Prototipa\347\343o}{chapter.30}% 40
\BOOKMARK [2][-]{subsection.50}{4.3.1 Aplicativo R2P}{section.48}% 41
\BOOKMARK [0][-]{chapter.55}{5 Considera\347\365es Finais}{}% 42
\BOOKMARK [1][-]{section.56}{5.1 Conclus\343o}{chapter.55}% 43
\BOOKMARK [2][-]{subsection.57}{5.1.1 Contribui\347\343o}{section.56}% 44
\BOOKMARK [1][-]{section.58}{5.2 Trabalhos Futuros}{chapter.55}% 45
\BOOKMARK [0][-]{section.58}{Refer\352ncias Bibliogr\341ficas}{}% 46
